{"total": {"lines":{"total":6282,"covered":5902,"skipped":0,"pct":93.95},"statements":{"total":6282,"covered":5902,"skipped":0,"pct":93.95},"functions":{"total":224,"covered":184,"skipped":0,"pct":82.14},"branches":{"total":683,"covered":547,"skipped":0,"pct":80.08},"branchesTrue":{"total":0,"covered":0,"skipped":0,"pct":100}}
,"E:\\Project\\HivespaceProject\\hivespace.web\\apps\\buyer\\src\\composables\\useAddressModal.ts": {"lines":{"total":25,"covered":25,"skipped":0,"pct":100},"functions":{"total":2,"covered":2,"skipped":0,"pct":100},"statements":{"total":25,"covered":25,"skipped":0,"pct":100},"branches":{"total":5,"covered":5,"skipped":0,"pct":100}}
,"E:\\Project\\HivespaceProject\\hivespace.web\\apps\\buyer\\src\\composables\\useAsyncAction.ts": {"lines":{"total":1,"covered":1,"skipped":0,"pct":100},"functions":{"total":1,"covered":1,"skipped":0,"pct":100},"statements":{"total":1,"covered":1,"skipped":0,"pct":100},"branches":{"total":1,"covered":1,"skipped":0,"pct":100}}
,"E:\\Project\\HivespaceProject\\hivespace.web\\apps\\buyer\\src\\pages\\VerifyEmailCallbackPage.vue": {"lines":{"total":129,"covered":111,"skipped":0,"pct":86.04},"functions":{"total":5,"covered":3,"skipped":0,"pct":60},"statements":{"total":129,"covered":111,"skipped":0,"pct":86.04},"branches":{"total":22,"covered":16,"skipped":0,"pct":72.72}}
,"E:\\Project\\HivespaceProject\\hivespace.web\\apps\\buyer\\src\\pages\\VerifyEmailPage.vue": {"lines":{"total":195,"covered":192,"skipped":0,"pct":98.46},"functions":{"total":9,"covered":9,"skipped":0,"pct":100},"statements":{"total":195,"covered":192,"skipped":0,"pct":98.46},"branches":{"total":38,"covered":29,"skipped":0,"pct":76.31}}
,"E:\\Project\\HivespaceProject\\hivespace.web\\apps\\buyer\\src\\pages\\Account\\OrderDetailPage.vue": {"lines":{"total":286,"covered":286,"skipped":0,"pct":100},"functions":{"total":4,"covered":4,"skipped":0,"pct":100},"statements":{"total":286,"covered":286,"skipped":0,"pct":100},"branches":{"total":7,"covered":7,"skipped":0,"pct":100}}
,"E:\\Project\\HivespaceProject\\hivespace.web\\apps\\buyer\\src\\pages\\Auth\\GoogleLinkPage.vue": {"lines":{"total":165,"covered":163,"skipped":0,"pct":98.78},"functions":{"total":10,"covered":10,"skipped":0,"pct":100},"statements":{"total":165,"covered":163,"skipped":0,"pct":98.78},"branches":{"total":27,"covered":23,"skipped":0,"pct":85.18}}
,"E:\\Project\\HivespaceProject\\hivespace.web\\apps\\buyer\\src\\pages\\Auth\\SignInPage.vue": {"lines":{"total":215,"covered":168,"skipped":0,"pct":78.13},"functions":{"total":6,"covered":1,"skipped":0,"pct":16.66},"statements":{"total":215,"covered":168,"skipped":0,"pct":78.13},"branches":{"total":3,"covered":2,"skipped":0,"pct":66.66}}
,"E:\\Project\\HivespaceProject\\hivespace.web\\apps\\buyer\\src\\pages\\Auth\\SignUpPage.vue": {"lines":{"total":275,"covered":258,"skipped":0,"pct":93.81},"functions":{"total":12,"covered":8,"skipped":0,"pct":66.66},"statements":{"total":275,"covered":258,"skipped":0,"pct":93.81},"branches":{"total":29,"covered":26,"skipped":0,"pct":89.65}}
,"E:\\Project\\HivespaceProject\\hivespace.web\\apps\\buyer\\src\\pages\\Cart\\CartPage.vue": {"lines":{"total":433,"covered":381,"skipped":0,"pct":87.99},"functions":{"total":9,"covered":6,"skipped":0,"pct":66.66},"statements":{"total":433,"covered":381,"skipped":0,"pct":87.99},"branches":{"total":38,"covered":24,"skipped":0,"pct":63.15}}
,"E:\\Project\\HivespaceProject\\hivespace.web\\apps\\buyer\\src\\pages\\Checkout\\CheckoutPage.vue": {"lines":{"total":444,"covered":402,"skipped":0,"pct":90.54},"functions":{"total":16,"covered":13,"skipped":0,"pct":81.25},"statements":{"total":444,"covered":402,"skipped":0,"pct":90.54},"branches":{"total":39,"covered":30,"skipped":0,"pct":76.92}}
,"E:\\Project\\HivespaceProject\\hivespace.web\\apps\\buyer\\src\\pages\\Home\\HomePage.vue": {"lines":{"total":68,"covered":68,"skipped":0,"pct":100},"functions":{"total":4,"covered":3,"skipped":0,"pct":75},"statements":{"total":68,"covered":68,"skipped":0,"pct":100},"branches":{"total":17,"covered":12,"skipped":0,"pct":70.58}}
,"E:\\Project\\HivespaceProject\\hivespace.web\\apps\\buyer\\src\\pages\\Notifications\\NotificationsPage.vue": {"lines":{"total":63,"covered":63,"skipped":0,"pct":100},"functions":{"total":0,"covered":0,"skipped":0,"pct":100},"statements":{"total":63,"covered":63,"skipped":0,"pct":100},"branches":{"total":2,"covered":1,"skipped":0,"pct":50}}
,"E:\\Project\\HivespaceProject\\hivespace.web\\apps\\buyer\\src\\pages\\Payment\\PaymentResultPage.vue": {"lines":{"total":211,"covered":211,"skipped":0,"pct":100},"functions":{"total":6,"covered":6,"skipped":0,"pct":100},"statements":{"total":211,"covered":211,"skipped":0,"pct":100},"branches":{"total":30,"covered":22,"skipped":0,"pct":73.33}}
,"E:\\Project\\HivespaceProject\\hivespace.web\\apps\\buyer\\src\\pages\\Product\\ProductDetailPage.vue": {"lines":{"total":1613,"covered":1583,"skipped":0,"pct":98.14},"functions":{"total":19,"covered":10,"skipped":0,"pct":52.63},"statements":{"total":1613,"covered":1583,"skipped":0,"pct":98.14},"branches":{"total":50,"covered":38,"skipped":0,"pct":76}}
,"E:\\Project\\HivespaceProject\\hivespace.web\\apps\\buyer\\src\\pages\\Profile\\AddressPage.vue": {"lines":{"total":115,"covered":114,"skipped":0,"pct":99.13},"functions":{"total":5,"covered":4,"skipped":0,"pct":80},"statements":{"total":115,"covered":114,"skipped":0,"pct":99.13},"branches":{"total":12,"covered":8,"skipped":0,"pct":66.66}}
,"E:\\Project\\HivespaceProject\\hivespace.web\\apps\\buyer\\src\\pages\\Profile\\OrdersPage.vue": {"lines":{"total":252,"covered":252,"skipped":0,"pct":100},"functions":{"total":1,"covered":1,"skipped":0,"pct":100},"statements":{"total":252,"covered":252,"skipped":0,"pct":100},"branches":{"total":4,"covered":4,"skipped":0,"pct":100}}
,"E:\\Project\\HivespaceProject\\hivespace.web\\apps\\buyer\\src\\pages\\Profile\\ProfilePage.vue": {"lines":{"total":228,"covered":223,"skipped":0,"pct":97.8},"functions":{"total":5,"covered":4,"skipped":0,"pct":80},"statements":{"total":228,"covered":223,"skipped":0,"pct":97.8},"branches":{"total":30,"covered":17,"skipped":0,"pct":56.66}}
,"E:\\Project\\HivespaceProject\\hivespace.web\\apps\\buyer\\src\\stores\\account.store.ts": {"lines":{"total":36,"covered":36,"skipped":0,"pct":100},"functions":{"total":2,"covered":2,"skipped":0,"pct":100},"statements":{"total":36,"covered":36,"skipped":0,"pct":100},"branches":{"total":4,"covered":4,"skipped":0,"pct":100}}
,"E:\\Project\\HivespaceProject\\hivespace.web\\apps\\buyer\\src\\stores\\address.store.ts": {"lines":{"total":103,"covered":86,"skipped":0,"pct":83.49},"functions":{"total":6,"covered":6,"skipped":0,"pct":100},"statements":{"total":103,"covered":86,"skipped":0,"pct":83.49},"branches":{"total":21,"covered":17,"skipped":0,"pct":80.95}}
,"E:\\Project\\HivespaceProject\\hivespace.web\\apps\\buyer\\src\\stores\\cart.store.ts": {"lines":{"total":474,"covered":413,"skipped":0,"pct":87.13},"functions":{"total":37,"covered":31,"skipped":0,"pct":83.78},"statements":{"total":474,"covered":413,"skipped":0,"pct":87.13},"branches":{"total":92,"covered":74,"skipped":0,"pct":80.43}}
,"E:\\Project\\HivespaceProject\\hivespace.web\\apps\\buyer\\src\\stores\\category.store.ts": {"lines":{"total":16,"covered":16,"skipped":0,"pct":100},"functions":{"total":1,"covered":1,"skipped":0,"pct":100},"statements":{"total":16,"covered":16,"skipped":0,"pct":100},"branches":{"total":3,"covered":3,"skipped":0,"pct":100}}
,"E:\\Project\\HivespaceProject\\hivespace.web\\apps\\buyer\\src\\stores\\checkout.store.ts": {"lines":{"total":318,"covered":303,"skipped":0,"pct":95.28},"functions":{"total":24,"covered":23,"skipped":0,"pct":95.83},"statements":{"total":318,"covered":303,"skipped":0,"pct":95.28},"branches":{"total":85,"covered":76,"skipped":0,"pct":89.41}}
,"E:\\Project\\HivespaceProject\\hivespace.web\\apps\\buyer\\src\\stores\\coupon-equality.ts": {"lines":{"total":32,"covered":24,"skipped":0,"pct":75},"functions":{"total":3,"covered":3,"skipped":0,"pct":100},"statements":{"total":32,"covered":24,"skipped":0,"pct":75},"branches":{"total":11,"covered":10,"skipped":0,"pct":90.9}}
,"E:\\Project\\HivespaceProject\\hivespace.web\\apps\\buyer\\src\\stores\\coupon.store.ts": {"lines":{"total":42,"covered":42,"skipped":0,"pct":100},"functions":{"total":3,"covered":3,"skipped":0,"pct":100},"statements":{"total":42,"covered":42,"skipped":0,"pct":100},"branches":{"total":9,"covered":9,"skipped":0,"pct":100}}
,"E:\\Project\\HivespaceProject\\hivespace.web\\apps\\buyer\\src\\stores\\media.store.ts": {"lines":{"total":6,"covered":6,"skipped":0,"pct":100},"functions":{"total":0,"covered":0,"skipped":0,"pct":100},"statements":{"total":6,"covered":6,"skipped":0,"pct":100},"branches":{"total":0,"covered":0,"skipped":0,"pct":100}}
,"E:\\Project\\HivespaceProject\\hivespace.web\\apps\\buyer\\src\\stores\\notification.store.ts": {"lines":{"total":32,"covered":32,"skipped":0,"pct":100},"functions":{"total":2,"covered":2,"skipped":0,"pct":100},"statements":{"total":32,"covered":32,"skipped":0,"pct":100},"branches":{"total":11,"covered":11,"skipped":0,"pct":100}}
,"E:\\Project\\HivespaceProject\\hivespace.web\\apps\\buyer\\src\\stores\\orders.store.ts": {"lines":{"total":98,"covered":79,"skipped":0,"pct":80.61},"functions":{"total":6,"covered":4,"skipped":0,"pct":66.66},"statements":{"total":98,"covered":79,"skipped":0,"pct":80.61},"branches":{"total":11,"covered":9,"skipped":0,"pct":81.81}}
,"E:\\Project\\HivespaceProject\\hivespace.web\\apps\\buyer\\src\\stores\\payment.store.ts": {"lines":{"total":35,"covered":35,"skipped":0,"pct":100},"functions":{"total":2,"covered":2,"skipped":0,"pct":100},"statements":{"total":35,"covered":35,"skipped":0,"pct":100},"branches":{"total":4,"covered":4,"skipped":0,"pct":100}}
,"E:\\Project\\HivespaceProject\\hivespace.web\\apps\\buyer\\src\\stores\\product.store.ts": {"lines":{"total":110,"covered":110,"skipped":0,"pct":100},"functions":{"total":8,"covered":8,"skipped":0,"pct":100},"statements":{"total":110,"covered":110,"skipped":0,"pct":100},"branches":{"total":15,"covered":15,"skipped":0,"pct":100}}
,"E:\\Project\\HivespaceProject\\hivespace.web\\apps\\buyer\\src\\stores\\profile.store.ts": {"lines":{"total":258,"covered":215,"skipped":0,"pct":83.33},"functions":{"total":16,"covered":14,"skipped":0,"pct":87.5},"statements":{"total":258,"covered":215,"skipped":0,"pct":83.33},"branches":{"total":63,"covered":50,"skipped":0,"pct":79.36}}
,"E:\\Project\\HivespaceProject\\hivespace.web\\apps\\buyer\\src\\stores\\user-settings.store.ts": {"lines":{"total":4,"covered":4,"skipped":0,"pct":100},"functions":{"total":0,"covered":0,"skipped":0,"pct":100},"statements":{"total":4,"covered":4,"skipped":0,"pct":100},"branches":{"total":0,"covered":0,"skipped":0,"pct":100}}
}
